生成启动时间为 2015/2/21 20:32:16。
     1>项目“C:\Projects\XGameEngine\XGameEngine\XGameEngine.vcxproj”在节点 2 上(Build 个目标)。
     1>ClCompile:
         C:\Software\Microsoft Visual Studio 11.0\VC\bin\CL.exe /c /IC:\Projects\XGameEngine\Dependencies\DirectX\include /IC:\Projects\XGameEngine\Dependencies\DXUT /ZI /nologo /W3 /WX- /Od /Oy- /D _UNICODE /D UNICODE /Gm /EHsc /RTC1 /MDd /GS /fp:precise /Zc:wchar_t /Zc:forScope /Fo"Debug\\" /Fd"Debug\vc110.pdb" /Gd /TP /analyze- /errorReport:prompt XApplication.cpp XGraphics.cpp XInput.cpp
         XGraphics.cpp
         c:\projects\xgameengine\dependencies\directx\include\dinput.h: DIRECTINPUT_VERSION undefined. Defaulting to version 0x0800
     1>c:\projects\xgameengine\xgameengine\xgraphics.cpp(17): warning C4309: “=”: 截断常量值
         XApplication.cpp
         c:\projects\xgameengine\dependencies\directx\include\dinput.h: DIRECTINPUT_VERSION undefined. Defaulting to version 0x0800
         正在生成代码...
         正在跳过...(未检测到相关更改)
         XInput.cpp
       Lib:
         C:\Software\Microsoft Visual Studio 11.0\VC\bin\Lib.exe /OUT:"C:\Projects\XGameEngine\Debug\XGameEngine.lib" /NOLOGO Debug\XApplication.obj
         Debug\XCamera.obj
         Debug\XFont.obj
         Debug\XMesh.obj
         Debug\XObject.obj
         Debug\XVertexBuffer.obj
         Debug\XGraphics.obj
         Debug\XInput.obj
         Debug\XLight.obj
         Debug\XMaterial.obj
         Debug\XStateManager.obj
         Debug\XTexture.obj
         Debug\XWorldPosition.obj
         XGameEngine.vcxproj -> C:\Projects\XGameEngine\Debug\XGameEngine.lib
     1>已完成生成项目“C:\Projects\XGameEngine\XGameEngine\XGameEngine.vcxproj”(Build 个目标)的操作。

生成成功。

已用时间 00:00:02.93
